[2022-09-19 18:31:01 : INFO] - Re_Smush_It_Task with attachment ID : 1650, autocreated on : September 19, 2022 06:31:01 
[2022-09-19 18:31:01 : INFO] - Re_Smush_It_Task with attachment ID : 1651, autocreated on : September 19, 2022 06:31:01 
[2022-09-19 18:31:01 : INFO] - Re_Smush_It_Task with attachment ID : 1652, autocreated on : September 19, 2022 06:31:01 
[2022-09-19 18:31:01 : INFO] - Re_Smush_It_Task with attachment ID : 1653, autocreated on : September 19, 2022 06:31:01 
[2022-09-19 20:10:43 : INFO] - Re_Smush_It_Task server status: Online 
[2022-09-19 20:10:43 : INFO] - Processing task with ID : 390, and type 'smush' 
[2022-09-19 20:10:43 : INFO] - Processing task with ID : 390, and type 'smush' 
[2022-09-19 20:10:43 : INFO] - Re_Smush_It_Task - attachment ID : 1651, started on : September 19, 2022 08:10:43 
[2022-09-19 20:10:43 : INFO] - Re_Smush_It_Task - attachment ID : 1651, started on : September 19, 2022 08:10:43 
[2022-09-19 20:10:43 : INFO] - There were no WebP conversion tools found on your server. 
[2022-09-19 20:10:43 : INFO] - There were no WebP conversion tools found on your server. 
[2022-09-19 20:10:43 : INFO] - 60 
[2022-09-19 20:10:43 : INFO] - 60 
[2022-09-19 20:10:43 : INFO] - Backing up the original image - 2022/09/228032481_4900852646601867_6457021763047270024_n-updraft-pre-smush-original.jpg 
[2022-09-19 20:10:43 : INFO] - Backing up the original image - 2022/09/228032481_4900852646601867_6457021763047270024_n-updraft-pre-smush-original.jpg 
[2022-09-19 20:10:43 : INFO] - Re_Smush_It_Task - attachment ID : 1651, started on : September 19, 2022 08:10:43 
[2022-09-19 20:10:43 : INFO] - Re_Smush_It_Task - attachment ID : 1651, started on : September 19, 2022 08:10:43 
[2022-09-19 20:10:43 : INFO] - There were no WebP conversion tools found on your server. 
[2022-09-19 20:10:43 : INFO] - There were no WebP conversion tools found on your server. 
[2022-09-19 20:10:43 : INFO] - 60 
[2022-09-19 20:10:43 : INFO] - 60 
[2022-09-19 20:10:43 : INFO] - Re_Smush_It_Task - attachment ID : 1651, started on : September 19, 2022 08:10:43 
[2022-09-19 20:10:43 : INFO] - Re_Smush_It_Task - attachment ID : 1651, started on : September 19, 2022 08:10:43 
[2022-09-19 20:10:43 : INFO] - There were no WebP conversion tools found on your server. 
[2022-09-19 20:10:43 : INFO] - There were no WebP conversion tools found on your server. 
[2022-09-19 20:10:43 : INFO] - 60 
[2022-09-19 20:10:43 : INFO] - 60 
[2022-09-19 20:10:43 : INFO] - Re_Smush_It_Task - attachment ID : 1651, started on : September 19, 2022 08:10:43 
[2022-09-19 20:10:43 : INFO] - Re_Smush_It_Task - attachment ID : 1651, started on : September 19, 2022 08:10:43 
[2022-09-19 20:10:43 : INFO] - There were no WebP conversion tools found on your server. 
[2022-09-19 20:10:43 : INFO] - There were no WebP conversion tools found on your server. 
[2022-09-19 20:10:43 : INFO] - 60 
[2022-09-19 20:10:43 : INFO] - 60 
[2022-09-19 20:10:44 : INFO] - Re_Smush_It_Task - attachment ID : 1651, started on : September 19, 2022 08:10:43 
[2022-09-19 20:10:44 : INFO] - Re_Smush_It_Task - attachment ID : 1651, started on : September 19, 2022 08:10:43 
[2022-09-19 20:10:44 : INFO] - There were no WebP conversion tools found on your server. 
[2022-09-19 20:10:44 : INFO] - There were no WebP conversion tools found on your server. 
[2022-09-19 20:10:44 : INFO] - 60 
[2022-09-19 20:10:44 : INFO] - 60 
[2022-09-19 20:10:44 : INFO] - Re_Smush_It_Task - attachment ID : 1651, started on : September 19, 2022 08:10:43 
[2022-09-19 20:10:44 : INFO] - Re_Smush_It_Task - attachment ID : 1651, started on : September 19, 2022 08:10:43 
[2022-09-19 20:10:44 : INFO] - There were no WebP conversion tools found on your server. 
[2022-09-19 20:10:44 : INFO] - There were no WebP conversion tools found on your server. 
[2022-09-19 20:10:44 : INFO] - 60 
[2022-09-19 20:10:44 : INFO] - 60 
[2022-09-19 20:10:44 : INFO] - Re_Smush_It_Task - attachment ID : 1651, started on : September 19, 2022 08:10:43 
[2022-09-19 20:10:44 : INFO] - Re_Smush_It_Task - attachment ID : 1651, started on : September 19, 2022 08:10:43 
[2022-09-19 20:10:44 : INFO] - There were no WebP conversion tools found on your server. 
[2022-09-19 20:10:44 : INFO] - There were no WebP conversion tools found on your server. 
[2022-09-19 20:10:44 : INFO] - 60 
[2022-09-19 20:10:44 : INFO] - 60 
[2022-09-19 20:10:44 : INFO] - Re_Smush_It_Task - attachment ID : 1651, started on : September 19, 2022 08:10:43 
[2022-09-19 20:10:44 : INFO] - Re_Smush_It_Task - attachment ID : 1651, started on : September 19, 2022 08:10:43 
[2022-09-19 20:10:44 : INFO] - There were no WebP conversion tools found on your server. 
[2022-09-19 20:10:44 : INFO] - There were no WebP conversion tools found on your server. 
[2022-09-19 20:10:44 : INFO] - 60 
[2022-09-19 20:10:44 : INFO] - 60 
[2022-09-19 20:10:44 : INFO] - Re_Smush_It_Task - attachment ID : 1651, started on : September 19, 2022 08:10:43 
[2022-09-19 20:10:44 : INFO] - Re_Smush_It_Task - attachment ID : 1651, started on : September 19, 2022 08:10:43 
[2022-09-19 20:10:44 : INFO] - There were no WebP conversion tools found on your server. 
[2022-09-19 20:10:44 : INFO] - There were no WebP conversion tools found on your server. 
[2022-09-19 20:10:44 : INFO] - 60 
[2022-09-19 20:10:44 : INFO] - 60 
[2022-09-19 20:10:44 : INFO] - Re_Smush_It_Task - attachment ID : 1651, started on : September 19, 2022 08:10:43 
[2022-09-19 20:10:44 : INFO] - Re_Smush_It_Task - attachment ID : 1651, started on : September 19, 2022 08:10:43 
[2022-09-19 20:10:44 : INFO] - There were no WebP conversion tools found on your server. 
[2022-09-19 20:10:44 : INFO] - There were no WebP conversion tools found on your server. 
[2022-09-19 20:10:44 : INFO] - 60 
[2022-09-19 20:10:44 : INFO] - 60 
[2022-09-19 20:10:44 : INFO] - Re_Smush_It_Task - attachment ID : 1651, started on : September 19, 2022 08:10:43 
[2022-09-19 20:10:44 : INFO] - Re_Smush_It_Task - attachment ID : 1651, started on : September 19, 2022 08:10:43 
[2022-09-19 20:10:44 : INFO] - There were no WebP conversion tools found on your server. 
[2022-09-19 20:10:44 : INFO] - There were no WebP conversion tools found on your server. 
[2022-09-19 20:10:44 : INFO] - 60 
[2022-09-19 20:10:44 : INFO] - 60 
[2022-09-19 20:10:44 : INFO] - Successfully optimized the image - /home/nkojic/public_html/projekat/wp-content/uploads/2022/09/228032481_4900852646601867_6457021763047270024_n.jpg.The file was compressed from 183.56 KB to 169.62 KB saving 7.59 percent using WP-Optimize 
[2022-09-19 20:10:44 : INFO] - Successfully optimized the image - /home/nkojic/public_html/projekat/wp-content/uploads/2022/09/228032481_4900852646601867_6457021763047270024_n.jpg.The file was compressed from 183.56 KB to 169.62 KB saving 7.59 percent using WP-Optimize 
[2022-09-19 20:10:44 : INFO] - Completed processing task with ID : 390, and type 'smush' 
[2022-09-19 20:10:44 : INFO] - Completed processing task with ID : 390, and type 'smush' 
[2022-09-19 20:10:54 : INFO] - Cannot copy from uploaded file 
[2022-09-19 20:10:54 : INFO] - Re_Smush_It_Task server status: Offline 
[2022-09-19 20:10:59 : INFO] - Re_Smush_It_Task server status: Online 
[2022-09-19 20:11:00 : INFO] - Processing task with ID : 391, and type 'smush' 
[2022-09-19 20:11:00 : INFO] - Processing task with ID : 391, and type 'smush' 
[2022-09-19 20:11:00 : INFO] - Re_Smush_It_Task - attachment ID : 1653, started on : September 19, 2022 08:11:00 
[2022-09-19 20:11:00 : INFO] - Re_Smush_It_Task - attachment ID : 1653, started on : September 19, 2022 08:11:00 
[2022-09-19 20:11:00 : INFO] - There were no WebP conversion tools found on your server. 
[2022-09-19 20:11:00 : INFO] - There were no WebP conversion tools found on your server. 
[2022-09-19 20:11:00 : INFO] - 60 
[2022-09-19 20:11:00 : INFO] - 60 
[2022-09-19 20:11:00 : INFO] - Backing up the original image - 2022/09/240959705_4980788315274966_7644115595912782021_n-updraft-pre-smush-original.jpg 
[2022-09-19 20:11:00 : INFO] - Backing up the original image - 2022/09/240959705_4980788315274966_7644115595912782021_n-updraft-pre-smush-original.jpg 
[2022-09-19 20:11:00 : INFO] - Re_Smush_It_Task - attachment ID : 1653, started on : September 19, 2022 08:11:00 
[2022-09-19 20:11:00 : INFO] - Re_Smush_It_Task - attachment ID : 1653, started on : September 19, 2022 08:11:00 
[2022-09-19 20:11:00 : INFO] - There were no WebP conversion tools found on your server. 
[2022-09-19 20:11:00 : INFO] - There were no WebP conversion tools found on your server. 
[2022-09-19 20:11:00 : INFO] - 60 
[2022-09-19 20:11:00 : INFO] - 60 
[2022-09-19 20:11:00 : INFO] - Re_Smush_It_Task - attachment ID : 1653, started on : September 19, 2022 08:11:00 
[2022-09-19 20:11:00 : INFO] - Re_Smush_It_Task - attachment ID : 1653, started on : September 19, 2022 08:11:00 
[2022-09-19 20:11:00 : INFO] - There were no WebP conversion tools found on your server. 
[2022-09-19 20:11:00 : INFO] - There were no WebP conversion tools found on your server. 
[2022-09-19 20:11:00 : INFO] - 60 
[2022-09-19 20:11:00 : INFO] - 60 
[2022-09-19 20:11:00 : INFO] - Re_Smush_It_Task - attachment ID : 1653, started on : September 19, 2022 08:11:00 
[2022-09-19 20:11:00 : INFO] - Re_Smush_It_Task - attachment ID : 1653, started on : September 19, 2022 08:11:00 
[2022-09-19 20:11:00 : INFO] - There were no WebP conversion tools found on your server. 
[2022-09-19 20:11:00 : INFO] - There were no WebP conversion tools found on your server. 
[2022-09-19 20:11:00 : INFO] - 60 
[2022-09-19 20:11:00 : INFO] - 60 
[2022-09-19 20:11:00 : INFO] - Re_Smush_It_Task - attachment ID : 1653, started on : September 19, 2022 08:11:00 
[2022-09-19 20:11:00 : INFO] - Re_Smush_It_Task - attachment ID : 1653, started on : September 19, 2022 08:11:00 
[2022-09-19 20:11:00 : INFO] - There were no WebP conversion tools found on your server. 
[2022-09-19 20:11:00 : INFO] - There were no WebP conversion tools found on your server. 
[2022-09-19 20:11:00 : INFO] - 60 
[2022-09-19 20:11:00 : INFO] - 60 
[2022-09-19 20:11:00 : INFO] - Task with ID 391 and type (smush) failed with error code 402 - Cannot copy from uploaded file 
[2022-09-19 20:11:00 : INFO] - Task with ID 391 and type (smush) failed with error code 402 - Cannot copy from uploaded file 
[2022-09-19 20:11:00 : INFO] - Re_Smush_It_Task - attachment ID : 1653, started on : September 19, 2022 08:11:00 
[2022-09-19 20:11:00 : INFO] - Re_Smush_It_Task - attachment ID : 1653, started on : September 19, 2022 08:11:00 
[2022-09-19 20:11:00 : INFO] - There were no WebP conversion tools found on your server. 
[2022-09-19 20:11:00 : INFO] - There were no WebP conversion tools found on your server. 
[2022-09-19 20:11:00 : INFO] - 60 
[2022-09-19 20:11:00 : INFO] - 60 
[2022-09-19 20:11:00 : INFO] - Re_Smush_It_Task - attachment ID : 1653, started on : September 19, 2022 08:11:00 
[2022-09-19 20:11:00 : INFO] - Re_Smush_It_Task - attachment ID : 1653, started on : September 19, 2022 08:11:00 
[2022-09-19 20:11:00 : INFO] - There were no WebP conversion tools found on your server. 
[2022-09-19 20:11:00 : INFO] - There were no WebP conversion tools found on your server. 
[2022-09-19 20:11:00 : INFO] - 60 
[2022-09-19 20:11:00 : INFO] - 60 
[2022-09-19 20:11:01 : INFO] - Re_Smush_It_Task - attachment ID : 1653, started on : September 19, 2022 08:11:00 
[2022-09-19 20:11:01 : INFO] - Re_Smush_It_Task - attachment ID : 1653, started on : September 19, 2022 08:11:00 
[2022-09-19 20:11:01 : INFO] - There were no WebP conversion tools found on your server. 
[2022-09-19 20:11:01 : INFO] - There were no WebP conversion tools found on your server. 
[2022-09-19 20:11:01 : INFO] - 60 
[2022-09-19 20:11:01 : INFO] - 60 
[2022-09-19 20:11:01 : INFO] - Re_Smush_It_Task - attachment ID : 1653, started on : September 19, 2022 08:11:00 
[2022-09-19 20:11:01 : INFO] - Re_Smush_It_Task - attachment ID : 1653, started on : September 19, 2022 08:11:00 
[2022-09-19 20:11:01 : INFO] - There were no WebP conversion tools found on your server. 
[2022-09-19 20:11:01 : INFO] - There were no WebP conversion tools found on your server. 
[2022-09-19 20:11:01 : INFO] - 60 
[2022-09-19 20:11:01 : INFO] - 60 
[2022-09-19 20:11:01 : INFO] - Re_Smush_It_Task - attachment ID : 1653, started on : September 19, 2022 08:11:00 
[2022-09-19 20:11:01 : INFO] - Re_Smush_It_Task - attachment ID : 1653, started on : September 19, 2022 08:11:00 
[2022-09-19 20:11:01 : INFO] - There were no WebP conversion tools found on your server. 
[2022-09-19 20:11:01 : INFO] - There were no WebP conversion tools found on your server. 
[2022-09-19 20:11:01 : INFO] - 60 
[2022-09-19 20:11:01 : INFO] - 60 
[2022-09-19 20:11:01 : INFO] - Re_Smush_It_Task - attachment ID : 1653, started on : September 19, 2022 08:11:00 
[2022-09-19 20:11:01 : INFO] - Re_Smush_It_Task - attachment ID : 1653, started on : September 19, 2022 08:11:00 
[2022-09-19 20:11:01 : INFO] - There were no WebP conversion tools found on your server. 
[2022-09-19 20:11:01 : INFO] - There were no WebP conversion tools found on your server. 
[2022-09-19 20:11:01 : INFO] - 60 
[2022-09-19 20:11:01 : INFO] - 60 
[2022-09-19 20:11:01 : INFO] - Successfully optimized the image - /home/nkojic/public_html/projekat/wp-content/uploads/2022/09/240959705_4980788315274966_7644115595912782021_n.jpg.The file was compressed from 260.88 KB to 240.30 KB saving 7.89 percent using WP-Optimize 
[2022-09-19 20:11:01 : INFO] - Successfully optimized the image - /home/nkojic/public_html/projekat/wp-content/uploads/2022/09/240959705_4980788315274966_7644115595912782021_n.jpg.The file was compressed from 260.88 KB to 240.30 KB saving 7.89 percent using WP-Optimize 
[2022-09-19 20:11:01 : INFO] - Completed processing task with ID : 391, and type 'smush' 
[2022-09-19 20:11:01 : INFO] - Completed processing task with ID : 391, and type 'smush' 
[2022-09-19 20:11:08 : INFO] - Re_Smush_It_Task server status: Online 
[2022-09-19 20:11:08 : INFO] - Processing task with ID : 392, and type 'smush' 
[2022-09-19 20:11:08 : INFO] - Processing task with ID : 392, and type 'smush' 
[2022-09-19 20:11:08 : INFO] - Re_Smush_It_Task - attachment ID : 1650, started on : September 19, 2022 08:11:08 
[2022-09-19 20:11:08 : INFO] - Re_Smush_It_Task - attachment ID : 1650, started on : September 19, 2022 08:11:08 
[2022-09-19 20:11:08 : INFO] - There were no WebP conversion tools found on your server. 
[2022-09-19 20:11:08 : INFO] - There were no WebP conversion tools found on your server. 
[2022-09-19 20:11:08 : INFO] - 60 
[2022-09-19 20:11:08 : INFO] - 60 
[2022-09-19 20:11:08 : INFO] - Task with ID 392 and type (smush) failed with error code 402 - Cannot copy from uploaded file 
[2022-09-19 20:11:08 : INFO] - Task with ID 392 and type (smush) failed with error code 402 - Cannot copy from uploaded file 
[2022-09-19 20:11:08 : INFO] - Re_Smush_It_Task - attachment ID : 1650, started on : September 19, 2022 08:11:08 
[2022-09-19 20:11:08 : INFO] - Re_Smush_It_Task - attachment ID : 1650, started on : September 19, 2022 08:11:08 
[2022-09-19 20:11:08 : INFO] - There were no WebP conversion tools found on your server. 
[2022-09-19 20:11:08 : INFO] - There were no WebP conversion tools found on your server. 
[2022-09-19 20:11:08 : INFO] - 60 
[2022-09-19 20:11:08 : INFO] - 60 
[2022-09-19 20:11:08 : INFO] - Re_Smush_It_Task - attachment ID : 1650, started on : September 19, 2022 08:11:08 
[2022-09-19 20:11:08 : INFO] - Re_Smush_It_Task - attachment ID : 1650, started on : September 19, 2022 08:11:08 
[2022-09-19 20:11:08 : INFO] - There were no WebP conversion tools found on your server. 
[2022-09-19 20:11:08 : INFO] - There were no WebP conversion tools found on your server. 
[2022-09-19 20:11:08 : INFO] - 60 
[2022-09-19 20:11:08 : INFO] - 60 
[2022-09-19 20:11:08 : INFO] - Re_Smush_It_Task - attachment ID : 1650, started on : September 19, 2022 08:11:08 
[2022-09-19 20:11:08 : INFO] - Re_Smush_It_Task - attachment ID : 1650, started on : September 19, 2022 08:11:08 
[2022-09-19 20:11:08 : INFO] - There were no WebP conversion tools found on your server. 
[2022-09-19 20:11:08 : INFO] - There were no WebP conversion tools found on your server. 
[2022-09-19 20:11:08 : INFO] - 60 
[2022-09-19 20:11:08 : INFO] - 60 
[2022-09-19 20:11:08 : INFO] - Re_Smush_It_Task - attachment ID : 1650, started on : September 19, 2022 08:11:08 
[2022-09-19 20:11:08 : INFO] - Re_Smush_It_Task - attachment ID : 1650, started on : September 19, 2022 08:11:08 
[2022-09-19 20:11:08 : INFO] - There were no WebP conversion tools found on your server. 
[2022-09-19 20:11:08 : INFO] - There were no WebP conversion tools found on your server. 
[2022-09-19 20:11:08 : INFO] - 60 
[2022-09-19 20:11:08 : INFO] - 60 
[2022-09-19 20:11:08 : INFO] - Re_Smush_It_Task - attachment ID : 1650, started on : September 19, 2022 08:11:08 
[2022-09-19 20:11:08 : INFO] - Re_Smush_It_Task - attachment ID : 1650, started on : September 19, 2022 08:11:08 
[2022-09-19 20:11:08 : INFO] - There were no WebP conversion tools found on your server. 
[2022-09-19 20:11:08 : INFO] - There were no WebP conversion tools found on your server. 
[2022-09-19 20:11:08 : INFO] - 60 
[2022-09-19 20:11:08 : INFO] - 60 
[2022-09-19 20:11:09 : INFO] - Re_Smush_It_Task - attachment ID : 1650, started on : September 19, 2022 08:11:08 
[2022-09-19 20:11:09 : INFO] - Re_Smush_It_Task - attachment ID : 1650, started on : September 19, 2022 08:11:08 
[2022-09-19 20:11:09 : INFO] - There were no WebP conversion tools found on your server. 
[2022-09-19 20:11:09 : INFO] - There were no WebP conversion tools found on your server. 
[2022-09-19 20:11:09 : INFO] - 60 
[2022-09-19 20:11:09 : INFO] - 60 
[2022-09-19 20:11:09 : INFO] - Re_Smush_It_Task - attachment ID : 1650, started on : September 19, 2022 08:11:08 
[2022-09-19 20:11:09 : INFO] - Re_Smush_It_Task - attachment ID : 1650, started on : September 19, 2022 08:11:08 
[2022-09-19 20:11:09 : INFO] - There were no WebP conversion tools found on your server. 
[2022-09-19 20:11:09 : INFO] - There were no WebP conversion tools found on your server. 
[2022-09-19 20:11:09 : INFO] - 60 
[2022-09-19 20:11:09 : INFO] - 60 
[2022-09-19 20:11:09 : INFO] - Re_Smush_It_Task - attachment ID : 1650, started on : September 19, 2022 08:11:08 
[2022-09-19 20:11:09 : INFO] - Re_Smush_It_Task - attachment ID : 1650, started on : September 19, 2022 08:11:08 
[2022-09-19 20:11:09 : INFO] - There were no WebP conversion tools found on your server. 
[2022-09-19 20:11:09 : INFO] - There were no WebP conversion tools found on your server. 
[2022-09-19 20:11:09 : INFO] - 60 
[2022-09-19 20:11:09 : INFO] - 60 
[2022-09-19 20:11:09 : INFO] - Re_Smush_It_Task - attachment ID : 1650, started on : September 19, 2022 08:11:08 
[2022-09-19 20:11:09 : INFO] - Re_Smush_It_Task - attachment ID : 1650, started on : September 19, 2022 08:11:08 
[2022-09-19 20:11:09 : INFO] - There were no WebP conversion tools found on your server. 
[2022-09-19 20:11:09 : INFO] - There were no WebP conversion tools found on your server. 
[2022-09-19 20:11:09 : INFO] - 60 
[2022-09-19 20:11:09 : INFO] - 60 
[2022-09-19 20:11:09 : INFO] - Re_Smush_It_Task - attachment ID : 1650, started on : September 19, 2022 08:11:08 
[2022-09-19 20:11:09 : INFO] - Re_Smush_It_Task - attachment ID : 1650, started on : September 19, 2022 08:11:08 
[2022-09-19 20:11:09 : INFO] - There were no WebP conversion tools found on your server. 
[2022-09-19 20:11:09 : INFO] - There were no WebP conversion tools found on your server. 
[2022-09-19 20:11:09 : INFO] - 60 
[2022-09-19 20:11:09 : INFO] - 60 
[2022-09-19 20:11:09 : INFO] - Successfully optimized the image - /home/nkojic/public_html/projekat/wp-content/uploads/2022/09/235714317_4914517638568701_7706460909969373035_n.jpg.The file was compressed from 128.47 KB to 128.47 KB saving 0 percent using WP-Optimize 
[2022-09-19 20:11:09 : INFO] - Successfully optimized the image - /home/nkojic/public_html/projekat/wp-content/uploads/2022/09/235714317_4914517638568701_7706460909969373035_n.jpg.The file was compressed from 128.47 KB to 128.47 KB saving 0 percent using WP-Optimize 
[2022-09-19 20:11:09 : INFO] - Completed processing task with ID : 392, and type 'smush' 
[2022-09-19 20:11:09 : INFO] - Completed processing task with ID : 392, and type 'smush' 
[2022-09-19 20:11:18 : INFO] - Re_Smush_It_Task server status: Online 
[2022-09-19 20:11:18 : INFO] - Processing task with ID : 393, and type 'smush' 
[2022-09-19 20:11:18 : INFO] - Processing task with ID : 393, and type 'smush' 
[2022-09-19 20:11:18 : INFO] - Re_Smush_It_Task - attachment ID : 1652, started on : September 19, 2022 08:11:18 
[2022-09-19 20:11:18 : INFO] - Re_Smush_It_Task - attachment ID : 1652, started on : September 19, 2022 08:11:18 
[2022-09-19 20:11:18 : INFO] - There were no WebP conversion tools found on your server. 
[2022-09-19 20:11:18 : INFO] - There were no WebP conversion tools found on your server. 
[2022-09-19 20:11:18 : INFO] - 60 
[2022-09-19 20:11:18 : INFO] - 60 
[2022-09-19 20:11:18 : INFO] - Backing up the original image - 2022/09/240112443_4954522104568254_592497909423959602_n-updraft-pre-smush-original.jpg 
[2022-09-19 20:11:18 : INFO] - Backing up the original image - 2022/09/240112443_4954522104568254_592497909423959602_n-updraft-pre-smush-original.jpg 
[2022-09-19 20:11:18 : INFO] - Re_Smush_It_Task - attachment ID : 1652, started on : September 19, 2022 08:11:18 
[2022-09-19 20:11:18 : INFO] - Re_Smush_It_Task - attachment ID : 1652, started on : September 19, 2022 08:11:18 
[2022-09-19 20:11:18 : INFO] - There were no WebP conversion tools found on your server. 
[2022-09-19 20:11:18 : INFO] - There were no WebP conversion tools found on your server. 
[2022-09-19 20:11:18 : INFO] - 60 
[2022-09-19 20:11:18 : INFO] - 60 
[2022-09-19 20:11:18 : INFO] - Re_Smush_It_Task - attachment ID : 1652, started on : September 19, 2022 08:11:18 
[2022-09-19 20:11:18 : INFO] - Re_Smush_It_Task - attachment ID : 1652, started on : September 19, 2022 08:11:18 
[2022-09-19 20:11:18 : INFO] - There were no WebP conversion tools found on your server. 
[2022-09-19 20:11:18 : INFO] - There were no WebP conversion tools found on your server. 
[2022-09-19 20:11:18 : INFO] - 60 
[2022-09-19 20:11:18 : INFO] - 60 
[2022-09-19 20:11:18 : INFO] - Re_Smush_It_Task - attachment ID : 1652, started on : September 19, 2022 08:11:18 
[2022-09-19 20:11:18 : INFO] - Re_Smush_It_Task - attachment ID : 1652, started on : September 19, 2022 08:11:18 
[2022-09-19 20:11:18 : INFO] - There were no WebP conversion tools found on your server. 
[2022-09-19 20:11:18 : INFO] - There were no WebP conversion tools found on your server. 
[2022-09-19 20:11:18 : INFO] - 60 
[2022-09-19 20:11:18 : INFO] - 60 
[2022-09-19 20:11:18 : INFO] - Re_Smush_It_Task - attachment ID : 1652, started on : September 19, 2022 08:11:18 
[2022-09-19 20:11:18 : INFO] - Re_Smush_It_Task - attachment ID : 1652, started on : September 19, 2022 08:11:18 
[2022-09-19 20:11:18 : INFO] - There were no WebP conversion tools found on your server. 
[2022-09-19 20:11:18 : INFO] - There were no WebP conversion tools found on your server. 
[2022-09-19 20:11:18 : INFO] - 60 
[2022-09-19 20:11:18 : INFO] - 60 
[2022-09-19 20:11:19 : INFO] - Task with ID 393 and type (smush) failed with error code 402 - Cannot copy from uploaded file 
[2022-09-19 20:11:19 : INFO] - Task with ID 393 and type (smush) failed with error code 402 - Cannot copy from uploaded file 
[2022-09-19 20:11:19 : INFO] - Re_Smush_It_Task - attachment ID : 1652, started on : September 19, 2022 08:11:18 
[2022-09-19 20:11:19 : INFO] - Re_Smush_It_Task - attachment ID : 1652, started on : September 19, 2022 08:11:18 
[2022-09-19 20:11:19 : INFO] - There were no WebP conversion tools found on your server. 
[2022-09-19 20:11:19 : INFO] - There were no WebP conversion tools found on your server. 
[2022-09-19 20:11:19 : INFO] - 60 
[2022-09-19 20:11:19 : INFO] - 60 
[2022-09-19 20:11:19 : INFO] - Re_Smush_It_Task - attachment ID : 1652, started on : September 19, 2022 08:11:18 
[2022-09-19 20:11:19 : INFO] - Re_Smush_It_Task - attachment ID : 1652, started on : September 19, 2022 08:11:18 
[2022-09-19 20:11:19 : INFO] - There were no WebP conversion tools found on your server. 
[2022-09-19 20:11:19 : INFO] - There were no WebP conversion tools found on your server. 
[2022-09-19 20:11:19 : INFO] - 60 
[2022-09-19 20:11:19 : INFO] - 60 
[2022-09-19 20:11:19 : INFO] - Re_Smush_It_Task - attachment ID : 1652, started on : September 19, 2022 08:11:18 
[2022-09-19 20:11:19 : INFO] - Re_Smush_It_Task - attachment ID : 1652, started on : September 19, 2022 08:11:18 
[2022-09-19 20:11:19 : INFO] - There were no WebP conversion tools found on your server. 
[2022-09-19 20:11:19 : INFO] - There were no WebP conversion tools found on your server. 
[2022-09-19 20:11:19 : INFO] - 60 
[2022-09-19 20:11:19 : INFO] - 60 
[2022-09-19 20:11:19 : INFO] - Re_Smush_It_Task - attachment ID : 1652, started on : September 19, 2022 08:11:18 
[2022-09-19 20:11:19 : INFO] - Re_Smush_It_Task - attachment ID : 1652, started on : September 19, 2022 08:11:18 
[2022-09-19 20:11:19 : INFO] - There were no WebP conversion tools found on your server. 
[2022-09-19 20:11:19 : INFO] - There were no WebP conversion tools found on your server. 
[2022-09-19 20:11:19 : INFO] - 60 
[2022-09-19 20:11:19 : INFO] - 60 
[2022-09-19 20:11:19 : INFO] - Re_Smush_It_Task - attachment ID : 1652, started on : September 19, 2022 08:11:18 
[2022-09-19 20:11:19 : INFO] - Re_Smush_It_Task - attachment ID : 1652, started on : September 19, 2022 08:11:18 
[2022-09-19 20:11:19 : INFO] - There were no WebP conversion tools found on your server. 
[2022-09-19 20:11:19 : INFO] - There were no WebP conversion tools found on your server. 
[2022-09-19 20:11:19 : INFO] - 60 
[2022-09-19 20:11:19 : INFO] - 60 
[2022-09-19 20:11:19 : INFO] - Re_Smush_It_Task - attachment ID : 1652, started on : September 19, 2022 08:11:18 
[2022-09-19 20:11:19 : INFO] - Re_Smush_It_Task - attachment ID : 1652, started on : September 19, 2022 08:11:18 
[2022-09-19 20:11:19 : INFO] - There were no WebP conversion tools found on your server. 
[2022-09-19 20:11:19 : INFO] - There were no WebP conversion tools found on your server. 
[2022-09-19 20:11:19 : INFO] - 60 
[2022-09-19 20:11:19 : INFO] - 60 
[2022-09-19 20:11:19 : INFO] - Successfully optimized the image - /home/nkojic/public_html/projekat/wp-content/uploads/2022/09/240112443_4954522104568254_592497909423959602_n.jpg.The file was compressed from 201.19 KB to 198.12 KB saving 1.52 percent using WP-Optimize 
[2022-09-19 20:11:19 : INFO] - Successfully optimized the image - /home/nkojic/public_html/projekat/wp-content/uploads/2022/09/240112443_4954522104568254_592497909423959602_n.jpg.The file was compressed from 201.19 KB to 198.12 KB saving 1.52 percent using WP-Optimize 
[2022-09-19 20:11:19 : INFO] - Completed processing task with ID : 393, and type 'smush' 
[2022-09-19 20:11:19 : INFO] - Completed processing task with ID : 393, and type 'smush' 
[2022-09-19 20:11:26 : INFO] - Re_Smush_It_Task server status: Online 
[2022-09-19 20:11:27 : INFO] - Processing task with ID : 394, and type 'smush' 
[2022-09-19 20:11:27 : INFO] - Processing task with ID : 394, and type 'smush' 
[2022-09-19 20:11:27 : INFO] - Re_Smush_It_Task - attachment ID : 1584, started on : September 19, 2022 08:11:27 
[2022-09-19 20:11:27 : INFO] - Re_Smush_It_Task - attachment ID : 1584, started on : September 19, 2022 08:11:27 
[2022-09-19 20:11:27 : INFO] - There were no WebP conversion tools found on your server. 
[2022-09-19 20:11:27 : INFO] - There were no WebP conversion tools found on your server. 
[2022-09-19 20:11:27 : INFO] - 60 
[2022-09-19 20:11:27 : INFO] - 60 
[2022-09-19 20:11:27 : INFO] - Backing up the original image - 2022/09/ANTScrnaslova-scaled-updraft-pre-smush-original.jpg 
[2022-09-19 20:11:27 : INFO] - Backing up the original image - 2022/09/ANTScrnaslova-scaled-updraft-pre-smush-original.jpg 
[2022-09-19 20:11:27 : INFO] - Re_Smush_It_Task - attachment ID : 1584, started on : September 19, 2022 08:11:27 
[2022-09-19 20:11:27 : INFO] - Re_Smush_It_Task - attachment ID : 1584, started on : September 19, 2022 08:11:27 
[2022-09-19 20:11:27 : INFO] - There were no WebP conversion tools found on your server. 
[2022-09-19 20:11:27 : INFO] - There were no WebP conversion tools found on your server. 
[2022-09-19 20:11:27 : INFO] - 60 
[2022-09-19 20:11:27 : INFO] - 60 
[2022-09-19 20:11:27 : INFO] - Re_Smush_It_Task - attachment ID : 1584, started on : September 19, 2022 08:11:27 
[2022-09-19 20:11:27 : INFO] - Re_Smush_It_Task - attachment ID : 1584, started on : September 19, 2022 08:11:27 
[2022-09-19 20:11:27 : INFO] - There were no WebP conversion tools found on your server. 
[2022-09-19 20:11:27 : INFO] - There were no WebP conversion tools found on your server. 
[2022-09-19 20:11:27 : INFO] - 60 
[2022-09-19 20:11:27 : INFO] - 60 
[2022-09-19 20:11:27 : INFO] - Re_Smush_It_Task - attachment ID : 1584, started on : September 19, 2022 08:11:27 
[2022-09-19 20:11:27 : INFO] - Re_Smush_It_Task - attachment ID : 1584, started on : September 19, 2022 08:11:27 
[2022-09-19 20:11:27 : INFO] - There were no WebP conversion tools found on your server. 
[2022-09-19 20:11:27 : INFO] - There were no WebP conversion tools found on your server. 
[2022-09-19 20:11:27 : INFO] - 60 
[2022-09-19 20:11:27 : INFO] - 60 
[2022-09-19 20:11:27 : INFO] - Re_Smush_It_Task - attachment ID : 1584, started on : September 19, 2022 08:11:27 
[2022-09-19 20:11:27 : INFO] - Re_Smush_It_Task - attachment ID : 1584, started on : September 19, 2022 08:11:27 
[2022-09-19 20:11:27 : INFO] - There were no WebP conversion tools found on your server. 
[2022-09-19 20:11:27 : INFO] - There were no WebP conversion tools found on your server. 
[2022-09-19 20:11:27 : INFO] - 60 
[2022-09-19 20:11:27 : INFO] - 60 
[2022-09-19 20:11:27 : INFO] - Re_Smush_It_Task - attachment ID : 1584, started on : September 19, 2022 08:11:27 
[2022-09-19 20:11:27 : INFO] - Re_Smush_It_Task - attachment ID : 1584, started on : September 19, 2022 08:11:27 
[2022-09-19 20:11:27 : INFO] - There were no WebP conversion tools found on your server. 
[2022-09-19 20:11:27 : INFO] - There were no WebP conversion tools found on your server. 
[2022-09-19 20:11:27 : INFO] - 60 
[2022-09-19 20:11:27 : INFO] - 60 
[2022-09-19 20:11:27 : INFO] - Re_Smush_It_Task - attachment ID : 1584, started on : September 19, 2022 08:11:27 
[2022-09-19 20:11:27 : INFO] - Re_Smush_It_Task - attachment ID : 1584, started on : September 19, 2022 08:11:27 
[2022-09-19 20:11:27 : INFO] - There were no WebP conversion tools found on your server. 
[2022-09-19 20:11:27 : INFO] - There were no WebP conversion tools found on your server. 
[2022-09-19 20:11:27 : INFO] - 60 
[2022-09-19 20:11:27 : INFO] - 60 
[2022-09-19 20:11:28 : INFO] - Re_Smush_It_Task - attachment ID : 1584, started on : September 19, 2022 08:11:27 
[2022-09-19 20:11:28 : INFO] - Re_Smush_It_Task - attachment ID : 1584, started on : September 19, 2022 08:11:27 
[2022-09-19 20:11:28 : INFO] - There were no WebP conversion tools found on your server. 
[2022-09-19 20:11:28 : INFO] - There were no WebP conversion tools found on your server. 
[2022-09-19 20:11:28 : INFO] - 60 
[2022-09-19 20:11:28 : INFO] - 60 
[2022-09-19 20:11:28 : INFO] - Re_Smush_It_Task - attachment ID : 1584, started on : September 19, 2022 08:11:27 
[2022-09-19 20:11:28 : INFO] - Re_Smush_It_Task - attachment ID : 1584, started on : September 19, 2022 08:11:27 
[2022-09-19 20:11:28 : INFO] - There were no WebP conversion tools found on your server. 
[2022-09-19 20:11:28 : INFO] - There were no WebP conversion tools found on your server. 
[2022-09-19 20:11:28 : INFO] - 60 
[2022-09-19 20:11:28 : INFO] - 60 
[2022-09-19 20:11:28 : INFO] - Re_Smush_It_Task - attachment ID : 1584, started on : September 19, 2022 08:11:27 
[2022-09-19 20:11:28 : INFO] - Re_Smush_It_Task - attachment ID : 1584, started on : September 19, 2022 08:11:27 
[2022-09-19 20:11:28 : INFO] - There were no WebP conversion tools found on your server. 
[2022-09-19 20:11:28 : INFO] - There were no WebP conversion tools found on your server. 
[2022-09-19 20:11:28 : INFO] - 60 
[2022-09-19 20:11:28 : INFO] - 60 
[2022-09-19 20:11:28 : INFO] - Re_Smush_It_Task - attachment ID : 1584, started on : September 19, 2022 08:11:27 
[2022-09-19 20:11:28 : INFO] - Re_Smush_It_Task - attachment ID : 1584, started on : September 19, 2022 08:11:27 
[2022-09-19 20:11:28 : INFO] - There were no WebP conversion tools found on your server. 
[2022-09-19 20:11:28 : INFO] - There were no WebP conversion tools found on your server. 
[2022-09-19 20:11:28 : INFO] - 60 
[2022-09-19 20:11:28 : INFO] - 60 
[2022-09-19 20:11:28 : INFO] - Re_Smush_It_Task - attachment ID : 1584, started on : September 19, 2022 08:11:27 
[2022-09-19 20:11:28 : INFO] - Re_Smush_It_Task - attachment ID : 1584, started on : September 19, 2022 08:11:27 
[2022-09-19 20:11:28 : INFO] - There were no WebP conversion tools found on your server. 
[2022-09-19 20:11:28 : INFO] - There were no WebP conversion tools found on your server. 
[2022-09-19 20:11:28 : INFO] - 60 
[2022-09-19 20:11:28 : INFO] - 60 
[2022-09-19 20:11:28 : INFO] - Re_Smush_It_Task - attachment ID : 1584, started on : September 19, 2022 08:11:27 
[2022-09-19 20:11:28 : INFO] - Re_Smush_It_Task - attachment ID : 1584, started on : September 19, 2022 08:11:27 
[2022-09-19 20:11:28 : INFO] - There were no WebP conversion tools found on your server. 
[2022-09-19 20:11:28 : INFO] - There were no WebP conversion tools found on your server. 
[2022-09-19 20:11:28 : INFO] - 60 
[2022-09-19 20:11:28 : INFO] - 60 
[2022-09-19 20:11:28 : INFO] - Successfully optimized the image - /home/nkojic/public_html/projekat/wp-content/uploads/2022/09/ANTScrnaslova-scaled.jpg.The file was compressed from 38.58 KB to 27.83 KB saving 27.86 percent using WP-Optimize 
[2022-09-19 20:11:28 : INFO] - Successfully optimized the image - /home/nkojic/public_html/projekat/wp-content/uploads/2022/09/ANTScrnaslova-scaled.jpg.The file was compressed from 38.58 KB to 27.83 KB saving 27.86 percent using WP-Optimize 
[2022-09-19 20:11:28 : INFO] - Completed processing task with ID : 394, and type 'smush' 
[2022-09-19 20:11:28 : INFO] - Completed processing task with ID : 394, and type 'smush' 
[2022-09-19 20:16:22 : INFO] - Re_Smush_It_Task server status: Online 
[2022-09-19 20:16:22 : INFO] - 
 
[2022-09-19 20:16:22 : INFO] - Header for logs at time:  Mon, 19 Sep 2022 20:16:22 +0000 on https://nkojic.wppsbootcamp.com/projekat 
[2022-09-19 20:16:22 : INFO] - WP: 6.0.2 
[2022-09-19 20:16:22 : INFO] - PHP: 8.0.23 (fpm-fcgi, Linux 190.62.205.92.host.secureserver.net 3.10.0-1160.76.1.el7.x86_64 #1 SMP Wed Aug 10 16:21:17 UTC 2022 x86_64) 
[2022-09-19 20:16:22 : INFO] - MySQL: 5.7.39 
[2022-09-19 20:16:22 : INFO] - WPLANG: en_US 
[2022-09-19 20:16:22 : INFO] - Server: Apache 
[2022-09-19 20:16:22 : INFO] - Outbound connections: N 
[2022-09-19 20:16:22 : INFO] - safe_mode: 0 
[2022-09-19 20:16:22 : INFO] - max_execution_time: 180 
[2022-09-19 20:16:22 : INFO] - memory_limit: 128M (used: 17.2M | 18M) 
[2022-09-19 20:16:22 : INFO] - multisite: N 
[2022-09-19 20:16:22 : INFO] - openssl: OpenSSL 1.1.1q  5 Jul 2022 
[2022-09-19 20:16:22 : INFO] - A total of 5 tasks of type smush found and will be processed in this iteration 
[2022-09-19 20:16:22 : DEBUG] - Lock option (updraft_lock_smush, wp_options) was created in the database 
[2022-09-19 20:16:22 : INFO] - Lock (updraft_lock_smush, wp_options) acquired after initialising the database 
[2022-09-19 20:16:22 : INFO] - Processing task with ID : 330, and type 'smush' 
[2022-09-19 20:16:22 : INFO] - Re_Smush_It_Task with attachment ID : 1650, autocreated on : September 19, 2022 06:31:01 
[2022-09-19 20:16:22 : INFO] - There were no WebP conversion tools found on your server. 
[2022-09-19 20:16:22 : INFO] - 60 
[2022-09-19 20:16:22 : INFO] - Backing up the original image - 2022/09/235714317_4914517638568701_7706460909969373035_n-updraft-pre-smush-original.jpg 
[2022-09-19 20:16:22 : INFO] - Re_Smush_It_Task with attachment ID : 1650, autocreated on : September 19, 2022 06:31:01 
[2022-09-19 20:16:22 : INFO] - There were no WebP conversion tools found on your server. 
[2022-09-19 20:16:22 : INFO] - 60 
[2022-09-19 20:16:22 : INFO] - Re_Smush_It_Task with attachment ID : 1650, autocreated on : September 19, 2022 06:31:01 
[2022-09-19 20:16:22 : INFO] - There were no WebP conversion tools found on your server. 
[2022-09-19 20:16:22 : INFO] - 60 
[2022-09-19 20:16:22 : INFO] - Re_Smush_It_Task with attachment ID : 1650, autocreated on : September 19, 2022 06:31:01 
[2022-09-19 20:16:22 : INFO] - There were no WebP conversion tools found on your server. 
[2022-09-19 20:16:22 : INFO] - 60 
[2022-09-19 20:16:23 : INFO] - Re_Smush_It_Task with attachment ID : 1650, autocreated on : September 19, 2022 06:31:01 
[2022-09-19 20:16:23 : INFO] - There were no WebP conversion tools found on your server. 
[2022-09-19 20:16:23 : INFO] - 60 
[2022-09-19 20:16:23 : INFO] - Re_Smush_It_Task with attachment ID : 1650, autocreated on : September 19, 2022 06:31:01 
[2022-09-19 20:16:23 : INFO] - There were no WebP conversion tools found on your server. 
[2022-09-19 20:16:23 : INFO] - 60 
[2022-09-19 20:16:23 : INFO] - Re_Smush_It_Task with attachment ID : 1650, autocreated on : September 19, 2022 06:31:01 
[2022-09-19 20:16:23 : INFO] - There were no WebP conversion tools found on your server. 
[2022-09-19 20:16:23 : INFO] - 60 
[2022-09-19 20:16:23 : INFO] - Re_Smush_It_Task with attachment ID : 1650, autocreated on : September 19, 2022 06:31:01 
[2022-09-19 20:16:23 : INFO] - There were no WebP conversion tools found on your server. 
[2022-09-19 20:16:23 : INFO] - 60 
[2022-09-19 20:16:23 : INFO] - Re_Smush_It_Task with attachment ID : 1650, autocreated on : September 19, 2022 06:31:01 
[2022-09-19 20:16:23 : INFO] - There were no WebP conversion tools found on your server. 
[2022-09-19 20:16:23 : INFO] - 60 
[2022-09-19 20:16:23 : INFO] - Re_Smush_It_Task with attachment ID : 1650, autocreated on : September 19, 2022 06:31:01 
[2022-09-19 20:16:23 : INFO] - There were no WebP conversion tools found on your server. 
[2022-09-19 20:16:23 : INFO] - 60 
[2022-09-19 20:16:23 : INFO] - Re_Smush_It_Task with attachment ID : 1650, autocreated on : September 19, 2022 06:31:01 
[2022-09-19 20:16:23 : INFO] - There were no WebP conversion tools found on your server. 
[2022-09-19 20:16:23 : INFO] - 60 
[2022-09-19 20:16:23 : INFO] - Successfully optimized the image - /home/nkojic/public_html/projekat/wp-content/uploads/2022/09/235714317_4914517638568701_7706460909969373035_n.jpg.The file was compressed from 128.47 KB to 120.62 KB saving 6.11 percent using WP-Optimize 
[2022-09-19 20:16:23 : INFO] - Completed processing task with ID : 330, and type 'smush' 
[2022-09-19 20:16:23 : INFO] - Processing task with ID : 331, and type 'smush' 
[2022-09-19 20:16:23 : INFO] - Re_Smush_It_Task with attachment ID : 1651, autocreated on : September 19, 2022 06:31:01 
[2022-09-19 20:16:23 : INFO] - There were no WebP conversion tools found on your server. 
[2022-09-19 20:16:23 : INFO] - 60 
[2022-09-19 20:16:24 : INFO] - Backing up the original image - 2022/09/228032481_4900852646601867_6457021763047270024_n-updraft-pre-smush-original.jpg 
[2022-09-19 20:16:24 : INFO] - Re_Smush_It_Task with attachment ID : 1651, autocreated on : September 19, 2022 06:31:01 
[2022-09-19 20:16:24 : INFO] - There were no WebP conversion tools found on your server. 
[2022-09-19 20:16:24 : INFO] - 60 
[2022-09-19 20:16:24 : INFO] - Re_Smush_It_Task with attachment ID : 1651, autocreated on : September 19, 2022 06:31:01 
[2022-09-19 20:16:24 : INFO] - There were no WebP conversion tools found on your server. 
[2022-09-19 20:16:24 : INFO] - 60 
[2022-09-19 20:16:24 : INFO] - Re_Smush_It_Task with attachment ID : 1651, autocreated on : September 19, 2022 06:31:01 
[2022-09-19 20:16:24 : INFO] - There were no WebP conversion tools found on your server. 
[2022-09-19 20:16:24 : INFO] - 60 
[2022-09-19 20:16:24 : INFO] - Re_Smush_It_Task with attachment ID : 1651, autocreated on : September 19, 2022 06:31:01 
[2022-09-19 20:16:24 : INFO] - There were no WebP conversion tools found on your server. 
[2022-09-19 20:16:24 : INFO] - 60 
[2022-09-19 20:16:25 : INFO] - Re_Smush_It_Task with attachment ID : 1651, autocreated on : September 19, 2022 06:31:01 
[2022-09-19 20:16:25 : INFO] - There were no WebP conversion tools found on your server. 
[2022-09-19 20:16:25 : INFO] - 60 
[2022-09-19 20:16:25 : INFO] - Re_Smush_It_Task with attachment ID : 1651, autocreated on : September 19, 2022 06:31:01 
[2022-09-19 20:16:25 : INFO] - There were no WebP conversion tools found on your server. 
[2022-09-19 20:16:25 : INFO] - 60 
[2022-09-19 20:16:25 : INFO] - Re_Smush_It_Task with attachment ID : 1651, autocreated on : September 19, 2022 06:31:01 
[2022-09-19 20:16:25 : INFO] - There were no WebP conversion tools found on your server. 
[2022-09-19 20:16:25 : INFO] - 60 
[2022-09-19 20:16:25 : INFO] - Re_Smush_It_Task with attachment ID : 1651, autocreated on : September 19, 2022 06:31:01 
[2022-09-19 20:16:25 : INFO] - There were no WebP conversion tools found on your server. 
[2022-09-19 20:16:25 : INFO] - 60 
[2022-09-19 20:16:25 : INFO] - Re_Smush_It_Task with attachment ID : 1651, autocreated on : September 19, 2022 06:31:01 
[2022-09-19 20:16:25 : INFO] - There were no WebP conversion tools found on your server. 
[2022-09-19 20:16:25 : INFO] - 60 
[2022-09-19 20:16:25 : INFO] - Re_Smush_It_Task with attachment ID : 1651, autocreated on : September 19, 2022 06:31:01 
[2022-09-19 20:16:25 : INFO] - There were no WebP conversion tools found on your server. 
[2022-09-19 20:16:25 : INFO] - 60 
[2022-09-19 20:16:25 : INFO] - Successfully optimized the image - /home/nkojic/public_html/projekat/wp-content/uploads/2022/09/228032481_4900852646601867_6457021763047270024_n.jpg.The file was compressed from 169.62 KB to 169.58 KB saving 0.03 percent using WP-Optimize 
[2022-09-19 20:16:25 : INFO] - Completed processing task with ID : 331, and type 'smush' 
[2022-09-19 20:16:25 : INFO] - Processing task with ID : 332, and type 'smush' 
[2022-09-19 20:16:25 : INFO] - Re_Smush_It_Task with attachment ID : 1652, autocreated on : September 19, 2022 06:31:01 
[2022-09-19 20:16:25 : INFO] - There were no WebP conversion tools found on your server. 
[2022-09-19 20:16:25 : INFO] - 60 
[2022-09-19 20:16:26 : INFO] - Backing up the original image - 2022/09/240112443_4954522104568254_592497909423959602_n-updraft-pre-smush-original.jpg 
[2022-09-19 20:16:26 : INFO] - Re_Smush_It_Task with attachment ID : 1652, autocreated on : September 19, 2022 06:31:01 
[2022-09-19 20:16:26 : INFO] - There were no WebP conversion tools found on your server. 
[2022-09-19 20:16:26 : INFO] - 60 
[2022-09-19 20:16:26 : INFO] - Re_Smush_It_Task with attachment ID : 1652, autocreated on : September 19, 2022 06:31:01 
[2022-09-19 20:16:26 : INFO] - There were no WebP conversion tools found on your server. 
[2022-09-19 20:16:26 : INFO] - 60 
[2022-09-19 20:16:26 : INFO] - Re_Smush_It_Task with attachment ID : 1652, autocreated on : September 19, 2022 06:31:01 
[2022-09-19 20:16:26 : INFO] - There were no WebP conversion tools found on your server. 
[2022-09-19 20:16:26 : INFO] - 60 
[2022-09-19 20:16:26 : INFO] - Re_Smush_It_Task with attachment ID : 1652, autocreated on : September 19, 2022 06:31:01 
[2022-09-19 20:16:26 : INFO] - There were no WebP conversion tools found on your server. 
[2022-09-19 20:16:26 : INFO] - 60 
[2022-09-19 20:16:26 : INFO] - Re_Smush_It_Task with attachment ID : 1652, autocreated on : September 19, 2022 06:31:01 
[2022-09-19 20:16:26 : INFO] - There were no WebP conversion tools found on your server. 
[2022-09-19 20:16:26 : INFO] - 60 
[2022-09-19 20:16:26 : INFO] - Task with ID 332 and type (smush) failed with error code 402 - Cannot copy from uploaded file 
[2022-09-19 20:16:26 : INFO] - Re_Smush_It_Task with attachment ID : 1652, autocreated on : September 19, 2022 06:31:01 
[2022-09-19 20:16:26 : INFO] - There were no WebP conversion tools found on your server. 
[2022-09-19 20:16:26 : INFO] - 60 
[2022-09-19 20:16:26 : INFO] - Re_Smush_It_Task with attachment ID : 1652, autocreated on : September 19, 2022 06:31:01 
[2022-09-19 20:16:26 : INFO] - There were no WebP conversion tools found on your server. 
[2022-09-19 20:16:26 : INFO] - 60 
[2022-09-19 20:16:26 : INFO] - Re_Smush_It_Task with attachment ID : 1652, autocreated on : September 19, 2022 06:31:01 
[2022-09-19 20:16:26 : INFO] - There were no WebP conversion tools found on your server. 
[2022-09-19 20:16:26 : INFO] - 60 
[2022-09-19 20:16:26 : INFO] - Re_Smush_It_Task with attachment ID : 1652, autocreated on : September 19, 2022 06:31:01 
[2022-09-19 20:16:26 : INFO] - There were no WebP conversion tools found on your server. 
[2022-09-19 20:16:26 : INFO] - 60 
[2022-09-19 20:16:27 : INFO] - Re_Smush_It_Task with attachment ID : 1652, autocreated on : September 19, 2022 06:31:01 
[2022-09-19 20:16:27 : INFO] - There were no WebP conversion tools found on your server. 
[2022-09-19 20:16:27 : INFO] - 60 
[2022-09-19 20:16:27 : INFO] - Successfully optimized the image - /home/nkojic/public_html/projekat/wp-content/uploads/2022/09/240112443_4954522104568254_592497909423959602_n.jpg.The file was compressed from 198.12 KB to 198.08 KB saving 0.02 percent using WP-Optimize 
[2022-09-19 20:16:27 : INFO] - Completed processing task with ID : 332, and type 'smush' 
[2022-09-19 20:16:27 : INFO] - Processing task with ID : 333, and type 'smush' 
[2022-09-19 20:16:27 : INFO] - Re_Smush_It_Task with attachment ID : 1653, autocreated on : September 19, 2022 06:31:01 
[2022-09-19 20:16:27 : INFO] - There were no WebP conversion tools found on your server. 
[2022-09-19 20:16:27 : INFO] - 60 
[2022-09-19 20:16:27 : INFO] - Backing up the original image - 2022/09/240959705_4980788315274966_7644115595912782021_n-updraft-pre-smush-original.jpg 
[2022-09-19 20:16:27 : INFO] - Re_Smush_It_Task with attachment ID : 1653, autocreated on : September 19, 2022 06:31:01 
[2022-09-19 20:16:27 : INFO] - There were no WebP conversion tools found on your server. 
[2022-09-19 20:16:27 : INFO] - 60 
[2022-09-19 20:16:27 : INFO] - Re_Smush_It_Task with attachment ID : 1653, autocreated on : September 19, 2022 06:31:01 
[2022-09-19 20:16:27 : INFO] - There were no WebP conversion tools found on your server. 
[2022-09-19 20:16:27 : INFO] - 60 
[2022-09-19 20:16:27 : INFO] - Re_Smush_It_Task with attachment ID : 1653, autocreated on : September 19, 2022 06:31:01 
[2022-09-19 20:16:27 : INFO] - There were no WebP conversion tools found on your server. 
[2022-09-19 20:16:27 : INFO] - 60 
[2022-09-19 20:16:28 : INFO] - Re_Smush_It_Task with attachment ID : 1653, autocreated on : September 19, 2022 06:31:01 
[2022-09-19 20:16:28 : INFO] - There were no WebP conversion tools found on your server. 
[2022-09-19 20:16:28 : INFO] - 60 
[2022-09-19 20:16:28 : INFO] - Re_Smush_It_Task with attachment ID : 1653, autocreated on : September 19, 2022 06:31:01 
[2022-09-19 20:16:28 : INFO] - There were no WebP conversion tools found on your server. 
[2022-09-19 20:16:28 : INFO] - 60 
[2022-09-19 20:16:28 : INFO] - Re_Smush_It_Task with attachment ID : 1653, autocreated on : September 19, 2022 06:31:01 
[2022-09-19 20:16:28 : INFO] - There were no WebP conversion tools found on your server. 
[2022-09-19 20:16:28 : INFO] - 60 
[2022-09-19 20:16:28 : INFO] - Re_Smush_It_Task with attachment ID : 1653, autocreated on : September 19, 2022 06:31:01 
[2022-09-19 20:16:28 : INFO] - There were no WebP conversion tools found on your server. 
[2022-09-19 20:16:28 : INFO] - 60 
[2022-09-19 20:16:28 : INFO] - Re_Smush_It_Task with attachment ID : 1653, autocreated on : September 19, 2022 06:31:01 
[2022-09-19 20:16:28 : INFO] - There were no WebP conversion tools found on your server. 
[2022-09-19 20:16:28 : INFO] - 60 
[2022-09-19 20:16:28 : INFO] - Task with ID 333 and type (smush) failed with error code 402 - Cannot copy from uploaded file 
[2022-09-19 20:16:28 : INFO] - Re_Smush_It_Task with attachment ID : 1653, autocreated on : September 19, 2022 06:31:01 
[2022-09-19 20:16:28 : INFO] - There were no WebP conversion tools found on your server. 
[2022-09-19 20:16:28 : INFO] - 60 
[2022-09-19 20:16:28 : INFO] - Re_Smush_It_Task with attachment ID : 1653, autocreated on : September 19, 2022 06:31:01 
[2022-09-19 20:16:28 : INFO] - There were no WebP conversion tools found on your server. 
[2022-09-19 20:16:28 : INFO] - 60 
[2022-09-19 20:16:28 : INFO] - Successfully optimized the image - /home/nkojic/public_html/projekat/wp-content/uploads/2022/09/240959705_4980788315274966_7644115595912782021_n.jpg.The file was compressed from 240.30 KB to 240.30 KB saving 0 percent using WP-Optimize 
[2022-09-19 20:16:28 : INFO] - Completed processing task with ID : 333, and type 'smush' 
[2022-09-19 20:16:28 : INFO] - Processing task with ID : 395, and type 'smush' 
[2022-09-19 20:16:28 : INFO] - Task with ID 395 and type (smush) failed with error code invalid_file_type - /home/nkojic/public_html/projekat/wp-content/uploads/2022/09/AntIconsmall.svg - cannot be optimized, it has an invalid file type 
[2022-09-19 20:16:28 : INFO] - Lock option (updraft_lock_smush, wp_options) released 
[2022-09-19 20:16:28 : INFO] - Successfully processed the queue (smush). 5 tasks were processed out of 5. 
[2022-09-19 20:16:28 : INFO] - Lock option (updraft_lock_smush, wp_options) was deleted from the database 
[2022-09-19 20:16:28 : INFO] - Cleaning up tasks of type (smush). A total of 329 tasks will be deleted. 
